
Java HotSpot(TM) 64-Bit Server VM warning: ignoring option MaxPermSize=384M; support was removed in 8.0
[info] Loading global plugins from /Users/ryan/.sbt/0.13/plugins
[info] Updating {file:/Users/ryan/.sbt/0.13/plugins/}global-plugins...
[info] Resolving org.scala-lang#scala-library;2.10.6 ...
[info] Resolving org.scala-sbt#sbt;0.13.13 ...
[info] Resolving org.scala-sbt#main;0.13.13 ...
[info] Resolving org.scala-sbt#actions;0.13.13 ...
[info] Resolving org.scala-sbt#classpath;0.13.13 ...
[info] Resolving org.scala-lang#scala-compiler;2.10.6 ...
[info] Resolving org.scala-lang#scala-reflect;2.10.6 ...
[info] Resolving org.scala-sbt#interface;0.13.13 ...
[info] Resolving org.scala-sbt#io;0.13.13 ...
[info] Resolving org.scala-sbt#control;0.13.13 ...
[info] Resolving org.scala-sbt#launcher-interface;1.0.0-M1 ...
[info] Resolving org.scala-sbt#completion;0.13.13 ...
[info] Resolving org.scala-sbt#collections;0.13.13 ...
[info] Resolving jline#jline;2.13 ...
[info] Resolving org.fusesource.jansi#jansi;1.11 ...
[info] Resolving org.scala-sbt#api;0.13.13 ...
[info] Resolving org.scala-sbt#classfile;0.13.13 ...
[info] Resolving org.scala-sbt#logging;0.13.13 ...
[info] Resolving org.scala-sbt#process;0.13.13 ...
[info] Resolving org.scala-sbt#compiler-integration;0.13.13 ...
[info] Resolving org.scala-sbt#incremental-compiler;0.13.13 ...
[info] Resolving org.scala-sbt#relation;0.13.13 ...
[info] Resolving org.scala-sbt#compile;0.13.13 ...
[info] Resolving org.scala-sbt#persist;0.13.13 ...
[info] Resolving org.scala-tools.sbinary#sbinary_2.10;0.4.2 ...
[info] Resolving org.scala-sbt#compiler-ivy-integration;0.13.13 ...
[info] Resolving org.scala-sbt#ivy;0.13.13 ...
[info] Resolving org.scala-sbt#cross;0.13.13 ...
[info] Resolving org.scala-sbt.ivy#ivy;2.3.0-sbt-2cf13e211b2cb31f0d3b317289dca70eca3362f6 ...
[info] Resolving com.jcraft#jsch;0.1.50 ...
[info] Resolving org.scala-sbt#serialization_2.10;0.1.2 ...
[info] Resolving org.scala-lang.modules#scala-pickling_2.10;0.10.1 ...
[info] Resolving org.scalamacros#quasiquotes_2.10;2.0.1 ...
[info] Resolving org.json4s#json4s-core_2.10;3.2.10 ...
[info] Resolving org.json4s#json4s-ast_2.10;3.2.10 ...
[info] Resolving com.thoughtworks.paranamer#paranamer;2.6 ...
[info] Resolving org.spire-math#jawn-parser_2.10;0.6.0 ...
[info] Resolving org.spire-math#json4s-support_2.10;0.6.0 ...
[info] Resolving org.scala-sbt#run;0.13.13 ...
[info] Resolving org.scala-sbt#task-system;0.13.13 ...
[info] Resolving org.scala-sbt#tasks;0.13.13 ...
[info] Resolving org.scala-sbt#tracking;0.13.13 ...
[info] Resolving org.scala-sbt#cache;0.13.13 ...
[info] Resolving org.scala-sbt#testing;0.13.13 ...
[info] Resolving org.scala-sbt#test-agent;0.13.13 ...
[info] Resolving org.scala-sbt#test-interface;1.0 ...
[info] Resolving org.scala-sbt#main-settings;0.13.13 ...
[info] Resolving org.scala-sbt#apply-macro;0.13.13 ...
[info] Resolving org.scala-sbt#command;0.13.13 ...
[info] Resolving org.scala-sbt#template-resolver;0.1 ...
[info] Resolving org.scala-sbt#logic;0.13.13 ...
[info] Resolving org.scala-sbt#compiler-interface;0.13.13 ...
[info] Resolving org.scala-lang#jline;2.10.6 ...
[info] Resolving org.fusesource.jansi#jansi;1.4 ...
[info] Done updating.
[info] Loading project definition from /Users/ryan/c/hl/spark-util/project
[info] Updating {file:/Users/ryan/c/hl/spark-util/project/}spark-util-build...
[info] Resolving org.scala-sbt#global-plugins;0.0 ...
[info] Resolving org.hammerlab#sbt-parent;2.0.1 ...
[info] Resolving net.virtual-void#sbt-dependency-graph;0.8.2 ...
[info] Resolving com.github.mdr#ascii-graphs_2.10;0.0.3 ...
[info] Resolving org.scala-lang#scala-library;2.10.6 ...
[info] Resolving org.xerial.sbt#sbt-sonatype;1.1 ...
[info] Resolving org.apache.httpcomponents#httpclient;4.2.6 ...
[info] Resolving org.apache.httpcomponents#httpcore;4.2.5 ...
[info] Resolving commons-logging#commons-logging;1.1.1 ...
[info] Resolving commons-codec#commons-codec;1.6 ...
[info] Resolving org.scoverage#sbt-scoverage;1.5.0 ...
[info] Resolving org.scoverage#scalac-scoverage-plugin_2.10;1.3.0 ...
[info] Resolving org.scoverage#sbt-coveralls;1.1.0 ...
[info] Resolving com.fasterxml.jackson.core#jackson-core;2.6.1 ...
[info] Resolving com.fasterxml.jackson.module#jackson-module-scala_2.10;2.6.1 ...
[info] Resolving org.scala-lang#scala-reflect;2.10.6 ...
[info] Resolving com.fasterxml.jackson.core#jackson-annotations;2.6.1 ...
[info] Resolving com.fasterxml.jackson.core#jackson-databind;2.6.1 ...
[info] Resolving com.fasterxml.jackson.module#jackson-module-paranamer;2.6.1 ...
[info] Resolving com.thoughtworks.paranamer#paranamer;2.6 ...
[info] Resolving org.eclipse.jgit#org.eclipse.jgit;3.7.0.201502260915-r ...
[info] Resolving com.jcraft#jsch;0.1.50 ...
[info] Resolving com.googlecode.javaewah#JavaEWAH;0.7.9 ...
[info] Resolving org.slf4j#slf4j-api;1.7.2 ...
[info] Resolving org.scalaj#scalaj-http_2.10;0.3.16 ...
[info] Resolving com.typesafe.sbt#sbt-pgp;0.8 ...
[info] Resolving com.jsuereth#gpg-library_2.10;0.8 ...
[info] Resolving org.bouncycastle#bcpg-jdk16;1.46 ...
[info] Resolving org.bouncycastle#bcprov-jdk16;1.46 ...
[info] Resolving net.databinder#dispatch-http_2.9.1;0.8.6 ...
[info] Resolving net.databinder#dispatch-core_2.9.1;0.8.6 ...
[info] Resolving net.databinder#dispatch-futures_2.9.1;0.8.6 ...
[info] Resolving com.eed3si9n#sbt-assembly;0.14.4 ...
[info] Resolving org.scalactic#scalactic_2.10;3.0.1 ...
[info] Resolving org.pantsbuild#jarjar;1.6.3 ...
[info] Resolving org.apache.ant#ant;1.9.6 ...
[info] Resolving org.apache.ant#ant-launcher;1.9.6 ...
[info] Resolving org.apache.maven#maven-plugin-api;3.3.3 ...
[info] Resolving org.apache.maven#maven-model;3.3.3 ...
[info] Resolving org.codehaus.plexus#plexus-utils;3.0.20 ...
[info] Resolving org.apache.maven#maven-artifact;3.3.3 ...
[info] Resolving org.eclipse.sisu#org.eclipse.sisu.plexus;0.3.0 ...
[info] Resolving javax.enterprise#cdi-api;1.0 ...
[info] Resolving javax.annotation#jsr250-api;1.0 ...
[info] Resolving javax.inject#javax.inject;1 ...
[info] Resolving org.eclipse.sisu#org.eclipse.sisu.inject;0.3.0 ...
[info] Resolving org.codehaus.plexus#plexus-component-annotations;1.5.5 ...
[info] Resolving org.codehaus.plexus#plexus-classworlds;2.5.2 ...
[info] Resolving org.ow2.asm#asm;5.2 ...
[info] Resolving org.ow2.asm#asm-commons;5.2 ...
[info] Resolving org.ow2.asm#asm-tree;5.2 ...
[info] Resolving com.typesafe.sbt#sbt-scalariform;1.3.0 ...
[info] Resolving org.scalariform#scalariform_2.10;0.1.4 ...
[info] Resolving org.scala-sbt#sbt;0.13.13 ...
[info] Resolving org.scala-sbt#main;0.13.13 ...
[info] Resolving org.scala-sbt#actions;0.13.13 ...
[info] Resolving org.scala-sbt#classpath;0.13.13 ...
[info] Resolving org.scala-lang#scala-compiler;2.10.6 ...
[info] Resolving org.scala-sbt#interface;0.13.13 ...
[info] Resolving org.scala-sbt#io;0.13.13 ...
[info] Resolving org.scala-sbt#control;0.13.13 ...
[info] Resolving org.scala-sbt#launcher-interface;1.0.0-M1 ...
[info] Resolving org.scala-sbt#completion;0.13.13 ...
[info] Resolving org.scala-sbt#collections;0.13.13 ...
[info] Resolving jline#jline;2.13 ...
[info] Resolving org.fusesource.jansi#jansi;1.11 ...
[info] Resolving org.scala-sbt#api;0.13.13 ...
[info] Resolving org.scala-sbt#classfile;0.13.13 ...
[info] Resolving org.scala-sbt#logging;0.13.13 ...
[info] Resolving org.scala-sbt#process;0.13.13 ...
[info] Resolving org.scala-sbt#compiler-integration;0.13.13 ...
[info] Resolving org.scala-sbt#incremental-compiler;0.13.13 ...
[info] Resolving org.scala-sbt#relation;0.13.13 ...
[info] Resolving org.scala-sbt#compile;0.13.13 ...
[info] Resolving org.scala-sbt#persist;0.13.13 ...
[info] Resolving org.scala-tools.sbinary#sbinary_2.10;0.4.2 ...
[info] Resolving org.scala-sbt#compiler-ivy-integration;0.13.13 ...
[info] Resolving org.scala-sbt#ivy;0.13.13 ...
[info] Resolving org.scala-sbt#cross;0.13.13 ...
[info] Resolving org.scala-sbt.ivy#ivy;2.3.0-sbt-2cf13e211b2cb31f0d3b317289dca70eca3362f6 ...
[info] Resolving org.scala-sbt#serialization_2.10;0.1.2 ...
[info] Resolving org.scala-lang.modules#scala-pickling_2.10;0.10.1 ...
[info] Resolving org.scalamacros#quasiquotes_2.10;2.0.1 ...
[info] Resolving org.json4s#json4s-core_2.10;3.2.10 ...
[info] Resolving org.json4s#json4s-ast_2.10;3.2.10 ...
[info] Resolving org.spire-math#jawn-parser_2.10;0.6.0 ...
[info] Resolving org.spire-math#json4s-support_2.10;0.6.0 ...
[info] Resolving org.scala-sbt#run;0.13.13 ...
[info] Resolving org.scala-sbt#task-system;0.13.13 ...
[info] Resolving org.scala-sbt#tasks;0.13.13 ...
[info] Resolving org.scala-sbt#tracking;0.13.13 ...
[info] Resolving org.scala-sbt#cache;0.13.13 ...
[info] Resolving org.scala-sbt#testing;0.13.13 ...
[info] Resolving org.scala-sbt#test-agent;0.13.13 ...
[info] Resolving org.scala-sbt#test-interface;1.0 ...
[info] Resolving org.scala-sbt#main-settings;0.13.13 ...
[info] Resolving org.scala-sbt#apply-macro;0.13.13 ...
[info] Resolving org.scala-sbt#command;0.13.13 ...
[info] Resolving org.scala-sbt#template-resolver;0.1 ...
[info] Resolving org.scala-sbt#logic;0.13.13 ...
[info] Resolving org.scala-sbt#compiler-interface;0.13.13 ...
[info] Resolving org.scala-lang#jline;2.10.6 ...
[info] Resolving org.fusesource.jansi#jansi;1.4 ...
[info] Done updating.
java.util.NoSuchElementException: key not found: 'spark
at scala.collection.MapLike$class.default(MapLike.scala:228)
at scala.collection.AbstractMap.default(Map.scala:58)
at scala.collection.MapLike$class.apply(MapLike.scala:141)
at scala.collection.AbstractMap.apply(Map.scala:58)
at $c55d7839502bf12192a0$$anonfun$$sbtdef$1.apply(/Users/ryan/c/hl/spark-util/build.sbt:6)
at $c55d7839502bf12192a0$$anonfun$$sbtdef$1.apply(/Users/ryan/c/hl/spark-util/build.sbt:6)
at sbt.EvaluateSettings$MixedNode.evaluate0(INode.scala:175)
at sbt.EvaluateSettings$INode.evaluate(INode.scala:135)
at sbt.EvaluateSettings$$anonfun$sbt$EvaluateSettings$$submitEvaluate$1.apply$mcV$sp(INode.scala:69)
at sbt.EvaluateSettings.sbt$EvaluateSettings$$run0(INode.scala:78)
at sbt.EvaluateSettings$$anon$3.run(INode.scala:74)
at java.util.concurrent.ThreadPoolExecutor.runWorker(ThreadPoolExecutor.java:1142)
at java.util.concurrent.ThreadPoolExecutor$Worker.run(ThreadPoolExecutor.java:617)
at java.lang.Thread.run(Thread.java:745)
[error] java.util.NoSuchElementException: key not found: 'spark
[error] Use 'last' for the full log.
Invalid response.
